2026-01-31 20:48:52,898 - INFO - ==================================================
2026-01-31 20:48:52,899 - INFO - NBA Stints/Possessions Collector (BallDontLie)
2026-01-31 20:48:52,899 - INFO - Mode: backfill
2026-01-31 20:48:52,899 - INFO - Season: 2025-26
2026-01-31 20:48:52,899 - INFO - Teams: ['CHI']
2026-01-31 20:48:52,899 - INFO - Output: stints
2026-01-31 20:48:52,899 - INFO - ==================================================
2026-01-31 20:48:54,044 - INFO - Skipping 0 already processed games
2026-01-31 20:48:54,044 - INFO - Processing 48 games (output: stints)...
2026-01-31 20:48:54,045 - INFO - [1/48] 2025-10-22: DET @ CHI (BDL #18446827)
2026-01-31 20:48:58,511 - INFO -   Got 77 stints (lineups: no)
2026-01-31 20:48:59,012 - INFO - [2/48] 2025-10-25: CHI @ ORL (BDL #18446847)
2026-01-31 20:49:03,240 - INFO -   Got 71 stints (lineups: no)
2026-01-31 20:49:03,741 - INFO - [3/48] 2025-10-27: ATL @ CHI (BDL #18446864)
2026-01-31 20:49:08,215 - INFO -   Got 68 stints (lineups: no)
2026-01-31 20:49:08,715 - INFO - [4/48] 2025-10-29: SAC @ CHI (BDL #18446881)
2026-01-31 20:49:12,981 - INFO -   Got 70 stints (lineups: no)
2026-01-31 20:49:13,481 - INFO - [5/48] 2025-10-31: NYK @ CHI (BDL #18446894)
2026-01-31 20:49:17,791 - INFO -   Got 81 stints (lineups: no)
2026-01-31 20:49:18,291 - INFO - [6/48] 2025-11-02: CHI @ NYK (BDL #18446910)
2026-01-31 20:49:22,531 - INFO -   Got 80 stints (lineups: no)
2026-01-31 20:49:23,031 - INFO - [7/48] 2025-11-04: PHI @ CHI (BDL #18446924)
